#
# There is insufficient memory for the Java Runtime Environment to continue.
# Native memory allocation (malloc) failed to allocate 34032 bytes for Chunk::new
# Possible reasons:
#   The system is out of physical RAM or swap space
#   The process is running with CompressedOops enabled, and the Java Heap may be blocking the growth of the native heap
# Possible solutions:
#   Reduce memory load on the system
#   Increase physical memory or swap space
#   Check if swap backing store is full
#   Decrease Java heap size (-Xmx/-Xms)
#   Decrease number of Java threads
#   Decrease Java thread stack sizes (-Xss)
#   Set larger code cache with -XX:ReservedCodeCacheSize=
#   JVM is running with Unscaled Compressed Oops mode in which the Java heap is
#     placed in the first 4GB address space. The Java Heap base address is the
#     maximum limit for the native heap growth. Please use -XX:HeapBaseMinAddress
#     to set the Java Heap base and to place the Java Heap above 4GB virtual address.
# This output file may be truncated or incomplete.
#
#  Out of Memory Error (t:/workspace/hotspot/src/share/vm/memory/allocation.cpp:372), pid=4808, tid=1800
#
# JRE version: Java(TM) SE Runtime Environment (9.0+11) (build 9.0.4+11)
# Java VM: Java HotSpot(TM) 64-Bit Server VM (9.0.4+11, mixed mode, tiered, compressed oops, g1 gc, windows-amd64)
# No core dump will be written. Minidumps are not enabled by default on client versions of Windows
#

---------------  S U M M A R Y ------------

Command Line: -Dcom.sun.management.jmxremote -Dcom.sun.management.jmxremote.port=61498 -Dcom.sun.management.jmxremote.authenticate=false -Dcom.sun.management.jmxremote.ssl=false -Djava.rmi.server.hostname=localhost -Dspring.liveBeansView.mbeanDomain -Dspring.application.admin.enabled=true -Xverify:none -XX:TieredStopAtLevel=1 -Dfile.encoding=UTF-8 com.example.demo.DemoApplication --spring.output.ansi.enabled=always

Host: Intel(R) Celeron(R) CPU N3350 @ 1.10GHz, 2 cores, 1G,  Windows 10 , 64 bit Build 14393 (10.0.14393.2189)
Time: Fri Oct 19 18:25:14 2018 West-Europa (zomertijd) elapsed time: 3 seconds (0d 0h 0m 3s)

---------------  T H R E A D  ---------------

Current thread (0x000001c5a5329000):  JavaThread "main" [_thread_in_vm, id=1800, stack(0x0000005eea800000,0x0000005eea900000)]

Stack: [0x0000005eea800000,0x0000005eea900000]
Native frames: (J=compiled Java code, j=interpreted, Vv=VM code, C=native code)
V  [jvm.dll+0x587068]
V  [jvm.dll+0x69c25e]
V  [jvm.dll+0x69d17a]
V  [jvm.dll+0x69d7b3]
V  [jvm.dll+0x21d198]
V  [jvm.dll+0xa7aac]
V  [jvm.dll+0xa83ec]
V  [jvm.dll+0x1b25fd]
V  [jvm.dll+0x1b1753]
V  [jvm.dll+0x6431ab]
V  [jvm.dll+0x6445c7]
V  [jvm.dll+0x644a7f]
V  [jvm.dll+0x644893]
V  [jvm.dll+0x217f66]
V  [jvm.dll+0x15f473]
V  [jvm.dll+0x493e80]
V  [jvm.dll+0x496f4a]
V  [jvm.dll+0x496add]
V  [jvm.dll+0x33955b]
V  [jvm.dll+0x338e58]
C  0x000001c5ad806f8b

Java frames: (J=compiled Java code, j=interpreted, Vv=VM code)
j  com.sun.management.internal.PlatformMBeanProviderImpl$1.<init>(Lcom/sun/management/internal/PlatformMBeanProviderImpl;)V+32 jdk.management@9.0.4
j  com.sun.management.internal.PlatformMBeanProviderImpl.init()Ljava/util/List;+14 jdk.management@9.0.4
j  com.sun.management.internal.PlatformMBeanProviderImpl.<init>()V+6 jdk.management@9.0.4
v  ~StubRoutines::call_stub
j  jdk.internal.reflect.NativeConstructorAccessorImpl.newInstance0(Ljava/lang/reflect/Constructor;[Ljava/lang/Object;)Ljava/lang/Object;+0 java.base@9.0.4
j  jdk.internal.reflect.NativeConstructorAccessorImpl.newInstance([Ljava/lang/Object;)Ljava/lang/Object;+85 java.base@9.0.4
j  jdk.internal.reflect.DelegatingConstructorAccessorImpl.newInstance([Ljava/lang/Object;)Ljava/lang/Object;+5 java.base@9.0.4
j  java.lang.reflect.Constructor.newInstance([Ljava/lang/Object;)Ljava/lang/Object;+68 java.base@9.0.4
j  java.util.ServiceLoader$ProviderImpl.newInstance()Ljava/lang/Object;+19 java.base@9.0.4
j  java.util.ServiceLoader$ProviderImpl.get()Ljava/lang/Object;+13 java.base@9.0.4
j  java.util.ServiceLoader$3.next()Ljava/lang/Object;+58 java.base@9.0.4
j  java.lang.Iterable.forEach(Ljava/util/function/Consumer;)V+22 java.base@9.0.4
j  java.lang.management.ManagementFactory$PlatformMBeanFinder.lambda$static$0()Ljava/util/List;+24 java.management@9.0.4
j  java.lang.management.ManagementFactory$PlatformMBeanFinder$$Lambda$4.run()Ljava/lang/Object;+0 java.management@9.0.4
v  ~StubRoutines::call_stub
j  java.security.AccessController.doPrivileged(Ljava/security/PrivilegedAction;Ljava/security/AccessControlContext;)Ljava/lang/Object;+0 java.base@9.0.4
j  java.security.AccessController.doPrivileged(Ljava/security/PrivilegedAction;Ljava/security/AccessControlContext;[Ljava/security/Permission;)Ljava/lang/Object;+33 java.base@9.0.4
j  java.lang.management.ManagementFactory$PlatformMBeanFinder.<clinit>()V+37 java.management@9.0.4
v  ~StubRoutines::call_stub
j  java.lang.management.ManagementFactory.platformComponents()Ljava/util/Collection;+0 java.management@9.0.4
j  java.lang.management.ManagementFactory.getPlatformMBeanServer()Ljavax/management/MBeanServer;+35 java.management@9.0.4
j  sun.management.jmxremote.ConnectorBootstrap.startRemoteConnectorServer(Ljava/lang/String;Ljava/util/Properties;)Ljavax/management/remote/JMXConnectorServer;+559 jdk.management.agent@9.0.4
j  jdk.internal.agent.Agent.startAgent(Ljava/util/Properties;)V+65 jdk.management.agent@9.0.4
j  jdk.internal.agent.Agent.startAgent()V+20 jdk.management.agent@9.0.4
v  ~StubRoutines::call_stub

---------------  P R O C E S S  ---------------

Java Threads: ( => current thread )
  0x000001c5c0b93000 JavaThread "Service Thread" daemon [_thread_blocked, id=7120, stack(0x0000005eeb900000,0x0000005eeba00000)]
  0x000001c5c0aba000 JavaThread "Common-Cleaner" daemon [_thread_blocked, id=8120, stack(0x0000005eeb800000,0x0000005eeb900000)]
  0x000001c5c0a3f000 JavaThread "Sweeper thread" daemon [_thread_blocked, id=5316, stack(0x0000005eeb700000,0x0000005eeb800000)]
  0x000001c5c0a30000 JavaThread "C1 CompilerThread1" daemon [_thread_blocked, id=8020, stack(0x0000005eeb600000,0x0000005eeb700000)]
  0x000001c5c0a13000 JavaThread "C1 CompilerThread0" daemon [_thread_blocked, id=1020, stack(0x0000005eeb500000,0x0000005eeb600000)]
  0x000001c5c0a10000 JavaThread "Attach Listener" daemon [_thread_blocked, id=6044, stack(0x0000005eeb400000,0x0000005eeb500000)]
  0x000001c5c0a0f800 JavaThread "Signal Dispatcher" daemon [_thread_blocked, id=3132, stack(0x0000005eeb300000,0x0000005eeb400000)]
  0x000001c5c09c7000 JavaThread "Finalizer" daemon [_thread_blocked, id=5392, stack(0x0000005eeb200000,0x0000005eeb300000)]
  0x000001c5c09c5800 JavaThread "Reference Handler" daemon [_thread_blocked, id=4600, stack(0x0000005eeb100000,0x0000005eeb200000)]
=>0x000001c5a5329000 JavaThread "main" [_thread_in_vm, id=1800, stack(0x0000005eea800000,0x0000005eea900000)]

Other Threads:
  0x000001c5c09c2800 VMThread "VM Thread" [stack: 0x0000005eeb000000,0x0000005eeb100000] [id=6432]
  0x000001c5a5341000 GCTaskThread "GC Thread#0" [stack: 0x0000005eea900000,0x0000005eeaa00000] [id=2936]
  0x000001c5a5342000 GCTaskThread "GC Thread#1" [stack: 0x0000005eeaa00000,0x0000005eeab00000] [id=1612]
  0x000001c5a5376000 ConcurrentGCThread "G1 Main Marker" [stack: 0x0000005eeae00000,0x0000005eeaf00000] [id=4124]
  0x000001c5a5379000 ConcurrentGCThread "G1 Marker#0" [stack: 0x0000005eeaf00000,0x0000005eeb000000] [id=6984]
  0x000001c5a5347000 ConcurrentGCThread "G1 Refine#0" [stack: 0x0000005eeac00000,0x0000005eead00000] [id=7896]
  0x000001c5a5345000 ConcurrentGCThread "G1 Refine#1" [stack: 0x0000005eeab00000,0x0000005eeac00000] [id=6620]
  0x000001c5a5349800 ConcurrentGCThread "G1 Young RemSet Sampling" [stack: 0x0000005eead00000,0x0000005eeae00000] [id=4056]

Threads with active compile tasks:

VM state:not at safepoint (normal execution)

VM Mutex/Monitor currently owned by a thread: None

Heap address: 0x00000000e2200000, size: 478 MB, Compressed Oops mode: 32-bit
Narrow klass base: 0x0000000000000000, Narrow klass shift: 3
Compressed class space size: 1073741824 Address: 0x0000000100000000

Heap:
 garbage-first heap   total 30720K, used 6144K [0x00000000e2200000, 0x00000000e23000f0, 0x0000000100000000)
  region size 1024K, 7 young (7168K), 0 survivors (0K)
 Metaspace       used 5663K, capacity 5696K, committed 5760K, reserved 1056768K
  class space    used 580K, capacity 598K, committed 640K, reserved 1048576K
Heap Regions: E=young(eden), S=young(survivor), O=old, HS=humongous(starts), HC=humongous(continues), CS=collection set, F=free, A=archive, TS=gc time stamp, AC=allocation context, TAMS=top-at-mark-start (previous, next)
|   0|0x00000000e2200000, 0x00000000e2200000, 0x00000000e2300000|  0%| F|  |TS  0|AC  0|TAMS 0x00000000e2200000, 0x00000000e2200000|
|   1|0x00000000e2300000, 0x00000000e2300000, 0x00000000e2400000|  0%| F|  |TS  0|AC  0|TAMS 0x00000000e2300000, 0x00000000e2300000|
|   2|0x00000000e2400000, 0x00000000e2400000, 0x00000000e2500000|  0%| F|  |TS  0|AC  0|TAMS 0x00000000e2400000, 0x00000000e2400000|
|   3|0x00000000e2500000, 0x00000000e2500000, 0x00000000e2600000|  0%| F|  |TS  0|AC  0|TAMS 0x00000000e2500000, 0x00000000e2500000|
|   4|0x00000000e2600000, 0x00000000e2600000, 0x00000000e2700000|  0%| F|  |TS  0|AC  0|TAMS 0x00000000e2600000, 0x00000000e2600000|
|   5|0x00000000e2700000, 0x00000000e2700000, 0x00000000e2800000|  0%| F|  |TS  0|AC  0|TAMS 0x00000000e2700000, 0x00000000e2700000|
|   6|0x00000000e2800000, 0x00000000e2800000, 0x00000000e2900000|  0%| F|  |TS  0|AC  0|TAMS 0x00000000e2800000, 0x00000000e2800000|
|   7|0x00000000e2900000, 0x00000000e2900000, 0x00000000e2a00000|  0%| F|  |TS  0|AC  0|TAMS 0x00000000e2900000, 0x00000000e2900000|
|   8|0x00000000e2a00000, 0x00000000e2a00000, 0x00000000e2b00000|  0%| F|  |TS  0|AC  0|TAMS 0x00000000e2a00000, 0x00000000e2a00000|
|   9|0x00000000e2b00000, 0x00000000e2b00000, 0x00000000e2c00000|  0%| F|  |TS  0|AC  0|TAMS 0x00000000e2b00000, 0x00000000e2b00000|
|  10|0x00000000e2c00000, 0x00000000e2c00000, 0x00000000e2d00000|  0%| F|  |TS  0|AC  0|TAMS 0x00000000e2c00000, 0x00000000e2c00000|
|  11|0x00000000e2d00000, 0x00000000e2d00000, 0x00000000e2e00000|  0%| F|  |TS  0|AC  0|TAMS 0x00000000e2d00000, 0x00000000e2d00000|
|  12|0x00000000e2e00000, 0x00000000e2e00000, 0x00000000e2f00000|  0%| F|  |TS  0|AC  0|TAMS 0x00000000e2e00000, 0x00000000e2e00000|
|  13|0x00000000e2f00000, 0x00000000e2f00000, 0x00000000e3000000|  0%| F|  |TS  0|AC  0|TAMS 0x00000000e2f00000, 0x00000000e2f00000|
|  14|0x00000000e3000000, 0x00000000e3000000, 0x00000000e3100000|  0%| F|  |TS  0|AC  0|TAMS 0x00000000e3000000, 0x00000000e3000000|
|  15|0x00000000e3100000, 0x00000000e3100000, 0x00000000e3200000|  0%| F|  |TS  0|AC  0|TAMS 0x00000000e3100000, 0x00000000e3100000|
|  16|0x00000000e3200000, 0x00000000e3200000, 0x00000000e3300000|  0%| F|  |TS  0|AC  0|TAMS 0x00000000e3200000, 0x00000000e3200000|
|  17|0x00000000e3300000, 0x00000000e3300000, 0x00000000e3400000|  0%| F|  |TS  0|AC  0|TAMS 0x00000000e3300000, 0x00000000e3300000|
|  18|0x00000000e3400000, 0x00000000e3400000, 0x00000000e3500000|  0%| F|  |TS  0|AC  0|TAMS 0x00000000e3400000, 0x00000000e3400000|
|  19|0x00000000e3500000, 0x00000000e3500000, 0x00000000e3600000|  0%| F|  |TS  0|AC  0|TAMS 0x00000000e3500000, 0x00000000e3500000|
|  20|0x00000000e3600000, 0x00000000e3600000, 0x00000000e3700000|  0%| F|  |TS  0|AC  0|TAMS 0x00000000e3600000, 0x00000000e3600000|
|  21|0x00000000e3700000, 0x00000000e3700000, 0x00000000e3800000|  0%| F|  |TS  0|AC  0|TAMS 0x00000000e3700000, 0x00000000e3700000|
|  22|0x00000000e3800000, 0x00000000e3800000, 0x00000000e3900000|  0%| F|  |TS  0|AC  0|TAMS 0x00000000e3800000, 0x00000000e3800000|
|  23|0x00000000e3900000, 0x00000000e39245e8, 0x00000000e3a00000| 14%| E|  |TS  0|AC  0|TAMS 0x00000000e3900000, 0x00000000e3900000|
|  24|0x00000000e3a00000, 0x00000000e3b00000, 0x00000000e3b00000|100%| E|CS|TS  0|AC  0|TAMS 0x00000000e3a00000, 0x00000000e3a00000|
|  25|0x00000000e3b00000, 0x00000000e3c00000, 0x00000000e3c00000|100%| E|CS|TS  0|AC  0|TAMS 0x00000000e3b00000, 0x00000000e3b00000|
|  26|0x00000000e3c00000, 0x00000000e3d00000, 0x00000000e3d00000|100%| E|CS|TS  0|AC  0|TAMS 0x00000000e3c00000, 0x00000000e3c00000|
|  27|0x00000000e3d00000, 0x00000000e3e00000, 0x00000000e3e00000|100%| E|CS|TS  0|AC  0|TAMS 0x00000000e3d00000, 0x00000000e3d00000|
|  28|0x00000000e3e00000, 0x00000000e3f00000, 0x00000000e3f00000|100%| E|CS|TS  0|AC  0|TAMS 0x00000000e3e00000, 0x00000000e3e00000|
|  29|0x00000000e3f00000, 0x00000000e4000000, 0x00000000e4000000|100%| E|CS|TS  0|AC  0|TAMS 0x00000000e3f00000, 0x00000000e3f00000|

Card table byte_map: [0x000001c5bcdc0000,0x000001c5bceb0000] byte_map_base: 0x000001c5bc6af000

Marking Bits (Prev, Next): (CMBitMap*) 0x000001c5a5375310, (CMBitMap*) 0x000001c5a5375348
 Prev Bits: [0x000001c5bcfa0000, 0x000001c5bd718000)
 Next Bits: [0x000001c5bd720000, 0x000001c5bde98000)

Polling page: 0x000001c5a5270000

CodeHeap 'non-profiled nmethods': size=239488Kb used=439Kb max_used=439Kb free=239048Kb
 bounds [0x000001c5ade00000, 0x000001c5ae070000, 0x000001c5bc7e0000]
CodeHeap 'non-nmethods': size=6272Kb used=1752Kb max_used=1752Kb free=4519Kb
 bounds [0x000001c5ad7e0000, 0x000001c5ada50000, 0x000001c5ade00000]
 total_blobs=703 nmethods=366 adapters=249
 compilation: enabled

Compilation events (10 events):
Event: 3.232 Thread 0x000001c5c0a30000 nmethod 360 0x000001c5ade6b610 code [0x000001c5ade6b7c0, 0x000001c5ade6b8d8]
Event: 3.233 Thread 0x000001c5c0a13000 nmethod 359 0x000001c5ade6b990 code [0x000001c5ade6bbc0, 0x000001c5ade6c060]
Event: 3.241 Thread 0x000001c5c0a30000  361       1       java.lang.invoke.MethodType::checkSlotCount (33 bytes)
Event: 3.243 Thread 0x000001c5c0a30000 nmethod 361 0x000001c5ade6c490 code [0x000001c5ade6c6a0, 0x000001c5ade6ca80]
Event: 3.245 Thread 0x000001c5c0a13000  363       1       java.lang.Class::getName (21 bytes)
Event: 3.246 Thread 0x000001c5c0a13000 nmethod 363 0x000001c5ade6cc90 code [0x000001c5ade6ce40, 0x000001c5ade6cff0]
Event: 3.265 Thread 0x000001c5c0a30000  365       1       jdk.internal.org.objectweb.asm.ByteVector::putByte (39 bytes)
Event: 3.266 Thread 0x000001c5c0a30000 nmethod 365 0x000001c5ade6d310 code [0x000001c5ade6d4c0, 0x000001c5ade6d670]
Event: 3.266 Thread 0x000001c5c0a13000  366       1       jdk.internal.org.objectweb.asm.ClassWriter::newUTF8 (70 bytes)
Event: 3.267 Thread 0x000001c5c0a13000 nmethod 366 0x000001c5ade6d790 code [0x000001c5ade6d980, 0x000001c5ade6dc40]

GC Heap History (0 events):
No events

Deoptimization events (0 events):
No events

Classes redefined (0 events):
No events

Internal exceptions (1 events):
Event: 3.265 Thread 0x000001c5a5329000 Exception <a 'java/lang/NoSuchMethodError'{0x00000000e3903488}: java.lang.invoke.DirectMethodHandle$Holder.invokeInterface(Ljava/lang/Object;Ljava/lang/Object;Ljava/lang/Object;)I> (0x00000000e3903488) thrown at [t:/workspace/hotspot/src/share/vm/interpre

Events (10 events):
Event: 3.264 loading class java/lang/NoSuchMethodError done
Event: 3.270 loading class com/sun/management/internal/PlatformMBeanProviderImpl
Event: 3.270 loading class com/sun/management/internal/PlatformMBeanProviderImpl done
Event: 3.276 loading class com/sun/management/internal/PlatformMBeanProviderImpl$1
Event: 3.276 loading class sun/management/spi/PlatformMBeanProvider$PlatformComponent
Event: 3.276 loading class sun/management/spi/PlatformMBeanProvider$PlatformComponent done
Event: 3.276 loading class com/sun/management/internal/PlatformMBeanProviderImpl$1 done
Event: 3.277 loading class java/util/Spliterators$ArraySpliterator
Event: 3.277 loading class java/util/Spliterators$ArraySpliterator done
Event: 3.277 loading class java/util/stream/Collectors


Dynamic libraries:
0x00007ff6a6fa0000 - 0x00007ff6a6fde000 	C:\Program Files\Java\jre-9.0.4\bin\javaw.exe
0x00007ff925350000 - 0x00007ff925522000 	C:\Windows\SYSTEM32\ntdll.dll
0x00007ff9242a0000 - 0x00007ff92434c000 	C:\Windows\System32\KERNEL32.DLL
0x00007ff921970000 - 0x00007ff921b8d000 	C:\Windows\System32\KERNELBASE.dll
0x00007ff924a30000 - 0x00007ff924ad2000 	C:\Windows\System32\ADVAPI32.dll
0x00007ff924480000 - 0x00007ff92451e000 	C:\Windows\System32\msvcrt.dll
0x00007ff924fc0000 - 0x00007ff925019000 	C:\Windows\System32\sechost.dll
0x00007ff924350000 - 0x00007ff924471000 	C:\Windows\System32\RPCRT4.dll
0x00007ff922bb0000 - 0x00007ff922d15000 	C:\Windows\System32\USER32.dll
0x00007ff9225f0000 - 0x00007ff92260e000 	C:\Windows\System32\win32u.dll
0x00007ff922950000 - 0x00007ff922984000 	C:\Windows\System32\GDI32.dll
0x00007ff922470000 - 0x00007ff9225f0000 	C:\Windows\System32\gdi32full.dll
0x00007ff913be0000 - 0x00007ff913e5a000 	C:\Windows\WinSxS\amd64_microsoft.windows.common-controls_6595b64144ccf1df_6.0.14393.953_none_42151e83c686086b\COMCTL32.dll
0x00007ff925080000 - 0x00007ff925348000 	C:\Windows\System32\combase.dll
0x00007ff922320000 - 0x00007ff922415000 	C:\Windows\System32\ucrtbase.dll
0x00007ff921850000 - 0x00007ff9218ba000 	C:\Windows\System32\bcryptPrimitives.dll
0x00007ff914b10000 - 0x00007ff914b1a000 	C:\Windows\SYSTEM32\VERSION.dll
0x00007ff9228e0000 - 0x00007ff92290e000 	C:\Windows\System32\IMM32.DLL
0x00007ff905af0000 - 0x00007ff905bdf000 	C:\Program Files\Java\jre-9.0.4\bin\msvcr120.dll
0x00007ff904fb0000 - 0x00007ff905056000 	C:\Program Files\Java\jre-9.0.4\bin\msvcp120.dll
0x0000000060a20000 - 0x0000000061445000 	C:\Program Files\Java\jre-9.0.4\bin\server\jvm.dll
0x00007ff924590000 - 0x00007ff924598000 	C:\Windows\System32\PSAPI.DLL
0x00007ff91e3a0000 - 0x00007ff91e3a9000 	C:\Windows\SYSTEM32\WSOCK32.dll
0x00007ff924520000 - 0x00007ff92458a000 	C:\Windows\System32\WS2_32.dll
0x00007ff91fc40000 - 0x00007ff91fc63000 	C:\Windows\SYSTEM32\WINMM.dll
0x00007ff91f9a0000 - 0x00007ff91f9cb000 	C:\Windows\SYSTEM32\WINMMBASE.dll
0x00007ff922420000 - 0x00007ff922462000 	C:\Windows\System32\cfgmgr32.dll
0x00007ff91f360000 - 0x00007ff91f36f000 	C:\Program Files\Java\jre-9.0.4\bin\verify.dll
0x00007ff9159a0000 - 0x00007ff9159c7000 	C:\Program Files\Java\jre-9.0.4\bin\java.dll
0x00007ff916a80000 - 0x00007ff916a96000 	C:\Program Files\Java\jre-9.0.4\bin\zip.dll
0x00007ff91cc30000 - 0x00007ff91cc3a000 	C:\Program Files\Java\jre-9.0.4\bin\jimage.dll
0x00007ff922d90000 - 0x00007ff924299000 	C:\Windows\System32\SHELL32.dll
0x00007ff921c40000 - 0x00007ff922319000 	C:\Windows\System32\windows.storage.dll
0x00007ff9217f0000 - 0x00007ff92183c000 	C:\Windows\System32\powrprof.dll
0x00007ff9249d0000 - 0x00007ff924a22000 	C:\Windows\System32\shlwapi.dll
0x00007ff921840000 - 0x00007ff92184f000 	C:\Windows\System32\kernel.appcore.dll
0x00007ff921b90000 - 0x00007ff921c39000 	C:\Windows\System32\shcore.dll
0x00007ff9217c0000 - 0x00007ff9217d4000 	C:\Windows\System32\profapi.dll
0x00007ff915980000 - 0x00007ff91599a000 	C:\Program Files\Java\jre-9.0.4\bin\net.dll
0x00007ff914ea0000 - 0x00007ff914f6d000 	C:\Windows\SYSTEM32\WINHTTP.dll
0x00007ff9210f0000 - 0x00007ff92114c000 	C:\Windows\system32\mswsock.dll
0x00007ff911d40000 - 0x00007ff911d51000 	C:\Program Files\Java\jre-9.0.4\bin\nio.dll
0x00007ff918290000 - 0x00007ff918299000 	C:\Program Files\Java\jre-9.0.4\bin\management.dll
0x00007ff917d10000 - 0x00007ff917d1a000 	C:\Program Files\Java\jre-9.0.4\bin\management_ext.dll
0x00007ff91ca80000 - 0x00007ff91cc12000 	C:\Windows\SYSTEM32\dbghelp.dll

VM Arguments:
jvm_args: -Dcom.sun.management.jmxremote -Dcom.sun.management.jmxremote.port=61498 -Dcom.sun.management.jmxremote.authenticate=false -Dcom.sun.management.jmxremote.ssl=false -Djava.rmi.server.hostname=localhost -Dspring.liveBeansView.mbeanDomain -Dspring.application.admin.enabled=true -Xverify:none -XX:TieredStopAtLevel=1 -Dfile.encoding=UTF-8 
java_command: com.example.demo.DemoApplication --spring.output.ansi.enabled=always
java_class_path (initial): C:\Users\SalahdinLahnoud\git\repository\demo\target\classes;C:\Users\SalahdinLahnoud\.m2\repository\org\springframework\boot\spring-boot-starter-web\2.0.5.RELEASE\spring-boot-starter-web-2.0.5.RELEASE.jar;C:\Users\SalahdinLahnoud\.m2\repository\org\springframework\boot\spring-boot-starter\2.0.5.RELEASE\spring-boot-starter-2.0.5.RELEASE.jar;C:\Users\SalahdinLahnoud\.m2\repository\org\springframework\boot\spring-boot-starter-logging\2.0.5.RELEASE\spring-boot-starter-logging-2.0.5.RELEASE.jar;C:\Users\SalahdinLahnoud\.m2\repository\ch\qos\logback\logback-classic\1.2.3\logback-classic-1.2.3.jar;C:\Users\SalahdinLahnoud\.m2\repository\ch\qos\logback\logback-core\1.2.3\logback-core-1.2.3.jar;C:\Users\SalahdinLahnoud\.m2\repository\org\apache\logging\log4j\log4j-to-slf4j\2.10.0\log4j-to-slf4j-2.10.0.jar;C:\Users\SalahdinLahnoud\.m2\repository\org\apache\logging\log4j\log4j-api\2.10.0\log4j-api-2.10.0.jar;C:\Users\SalahdinLahnoud\.m2\repository\org\slf4j\jul-to-slf4j\1.7.25\jul-to-slf4j-1.7.25.jar;C:\Users\SalahdinLahnoud\.m2\repository\javax\annotation\javax.annotation-api\1.3.2\javax.annotation-api-1.3.2.jar;C:\Users\SalahdinLahnoud\.m2\repository\org\yaml\snakeyaml\1.19\snakeyaml-1.19.jar;C:\Users\SalahdinLahnoud\.m2\repository\org\springframework\boot\spring-boot-starter-json\2.0.5.RELEASE\spring-boot-starter-json-2.0.5.RELEASE.jar;C:\Users\SalahdinLahnoud\.m2\repository\com\fasterxml\jackson\core\jackson-databind\2.9.6\jackson-databind-2.9.6.jar;C:\Users\SalahdinLahnoud\.m2\repository\com\fasterxml\jackson\core\jackson-annotations\2.9.0\jackson-annotations-2.9.0.jar;C:\Users\SalahdinLahnoud\.m2\repository\com\fasterxml\jackson\core\jackson-core\2.9.6\jackson-core-2.9.6.jar;C:\Users\SalahdinLahnoud\.m2\repository\com\fasterxml\jackson\datatype\jackson-datatype-jdk8\2.9.6\jackson-datatype-jdk8-2.9.6.jar;C:\Users\SalahdinLahnoud\.m2\repository\com\fasterxml\jackson\datatype\jackson-datatype-jsr310\2.9.6\jackson-datatype-jsr310-2.9.6.jar;C:\Use
Launcher Type: SUN_STANDARD

Logging:
Log output configuration:
#0: stdout all=warning uptime,level,tags
#1: stderr all=off uptime,level,tags

Environment Variables:
JAVA_HOME=C:\Program Files\Java\jdk1.8.0_151
PATH=C:\ProgramData\Oracle\Java\javapath;C:\Program Files (x86)\Intel\TXE Components\iCLS\;C:\Program Files\Intel\TXE Components\iCLS\;C:\Windows\system32;C:\Windows;C:\Windows\System32\Wbem;C:\Windows\System32\WindowsPowerShell\v1.0\;C:\Program Files\Intel\TXE Components\DAL\;C:\Program Files (x86)\Intel\TXE Components\DAL\;C:\Program Files\Intel\TXE Components\IPT\;C:\Program Files (x86)\Intel\TXE Components\IPT\;C:\Program Files (x86)\GtkSharp\2.12\bin;C:\Program Files\Java\jdk1.8.0_151\bin;C:\Program Files\Java\jre1.8.0_151\bin;C:\Program Files\Git\cmd;C:\Users\SalahdinLahnoud\AppData\Local\Microsoft\WindowsApps;
USERNAME=SalahdinLahnoud
OS=Windows_NT
PROCESSOR_IDENTIFIER=Intel64 Family 6 Model 92 Stepping 9, GenuineIntel



---------------  S Y S T E M  ---------------

OS: Windows 10 , 64 bit Build 14393 (10.0.14393.2189)

CPU:total 2 (initial active 2) (2 cores per cpu, 1 threads per core) family 6 model 92 stepping 9, cmov, cx8, fxsr, mmx, sse, sse2, sse3, ssse3, sse4.1, sse4.2, popcnt, aes, clmul, erms, 3dnowpref, tsc, tscinvbit, sha

Memory: 4k page, physical 1957624k(374388k free), swap 4993224k(1580k free)

vm_info: Java HotSpot(TM) 64-Bit Server VM (9.0.4+11) for windows-amd64 JRE (9.0.4+11), built on Dec 20 2017 02:18:54 by "mach5one" with MS VC++ 12.0 (VS2013)

END.
